<?xml version="1.0" encoding="UTF-8"?>
<beans 
	xmlns:xsi="http://www.w3.org/2001/XMLSchema-instance"
	xmlns="http://www.springframework.org/schema/beans"
	xmlns:context="http://www.springframework.org/schema/context"
	xmlns:tx="http://www.springframework.org/schema/tx"
	xsi:schemaLocation="
		http://www.springframework.org/schema/beans http://www.springframework.org/schema/beans/spring-beans.xsd
		http://www.springframework.org/schema/tx http://www.springframework.org/schema/tx/spring-tx.xsd
		http://www.springframework.org/schema/context http://www.springframework.org/schema/context/spring-context.xsd">

	<context:component-scan base-package="com.project.persistence" />
	
	<bean id="dataSource" class="org.apache.commons.dbcp2.BasicDataSource"
		destroy-method="close">
		<property name="driverClassName" value="com.mysql.jdbc.Driver" />
		<property name="url" value="jdbc:mysql://localhost:3306/proyecto" />
		<property name="username" value="root" />
		<property name="password" value="root" />
	</bean>

	<bean id="sessionFactory"
		class="org.springframework.orm.hibernate4.LocalSessionFactoryBean">
		<property name="dataSource" ref="dataSource" />
		<property name='annotatedClasses'>
			<list>
			<value>com.project.persistence.entity.Advisor</value>
			<value>com.project.persistence.entity.Classroom</value>
			<value>com.project.persistence.entity.Course</value>
			<value>com.project.persistence.entity.Department</value>
			<value>com.project.persistence.entity.Instructor</value>
			<value>com.project.persistence.entity.Section</value>
			<value>com.project.persistence.entity.Student</value>
			<value>com.project.persistence.entity.Takes</value>
			<value>com.project.persistence.entity.TimeSlot</value>
			<value>com.project.persistence.entity.Teaches</value>
			<value>com.project.persistence.entity.Prereq</value>
	    	</list>
		</property>
		<property name="hibernateProperties">
			<props>
				<prop key="hibernate.dialect">org.hibernate.dialect.MySQLDialect</prop>
				<prop key="hibernate.show_sql">true</prop>
				<prop key="hibernate.hbm2ddl.auto">create-drop</prop>
			</props>
		</property>
	</bean>

	<tx:annotation-driven />

	<bean id="transactionManager"
		class="org.springframework.orm.hibernate4.HibernateTransactionManager">
		<property name="sessionFactory" ref="sessionFactory" />
	</bean>

</beans>
