<?xml version="1.0" encoding="UTF-8"?>
<beans 
	xmlns:xsi="http://www.w3.org/2001/XMLSchema-instance"
	xmlns="http://www.springframework.org/schema/beans"
	xmlns:context="http://www.springframework.org/schema/context"
	xmlns:tx="http://www.springframework.org/schema/tx"
	xsi:schemaLocation="
		http://www.springframework.org/schema/beans http://www.springframework.org/schema/beans/spring-beans.xsd
		http://www.springframework.org/schema/tx http://www.springframework.org/schema/tx/spring-tx.xsd
		http://www.springframework.org/schema/context http://www.springframework.org/schema/context/spring-context.xsd">

	<context:component-scan base-package="com.leitmotiff.persistence" />
	

	<bean id="dataSource" class="org.apache.commons.dbcp2.BasicDataSource"
		destroy-method="close">
		<property name="driverClassName" value="com.mysql.jdbc.Driver" />
		<property name="url" value="jdbc:mysql://54.94.188.69:3306/parlakuytest" />
		<property name="username" value="root" />
		<property name="password" value="root" />
	</bean>

	<bean id="sessionFactory"
		class="org.springframework.orm.hibernate4.LocalSessionFactoryBean">
		<property name="dataSource" ref="dataSource" />
		<property name='annotatedClasses'>
			<list>
				<value>com.leitmotiff.persistence.entity.Category</value>
		        <value>com.leitmotiff.persistence.entity.Company</value>
		        <value>com.leitmotiff.persistence.entity.CompanyHasProduct</value>
		        <value>com.leitmotiff.persistence.entity.CompanyHasProductId</value>
		        <value>com.leitmotiff.persistence.entity.Product</value>
		        <value>com.leitmotiff.persistence.entity.Reviewproduct</value>
		        <value>com.leitmotiff.persistence.entity.Reviewservice</value>
		        <value>com.leitmotiff.persistence.entity.Sentenceproduct</value>
		        <value>com.leitmotiff.persistence.entity.Sentenceservice</value>
		        <value>com.leitmotiff.persistence.entity.Services</value>
		        <value>com.leitmotiff.persistence.entity.ServiceHasProduct</value>
		        <value>com.leitmotiff.persistence.entity.ServiceHasProductId</value>
		        <value>com.leitmotiff.persistence.entity.Source</value>
		        <value>com.leitmotiff.persistence.entity.MostSearchedSentences</value>
		    	<value>com.leitmotiff.persistence.entity.Dictionary</value>
		    	<value>com.leitmotiff.persistence.entity.User</value>
	    	</list>
		</property>
		<property name="hibernateProperties">
			<props>
				<prop key="hibernate.dialect">org.hibernate.dialect.MySQLDialect</prop>
				<prop key="hibernate.show_sql">true</prop>
				<prop key="hibernate.hbm2ddl.auto">create-drop</prop>
			</props>
		</property>
	</bean>

	<tx:annotation-driven />

	<bean id="transactionManager"
		class="org.springframework.orm.hibernate4.HibernateTransactionManager">
		<property name="sessionFactory" ref="sessionFactory" />
	</bean>

</beans>
